0 info it worked if it ends with ok
1 verbose cli [ 'node', '/usr/local/bin/npm', 'install', 'gittown' ]
2 info using npm@2.10.1
3 info using node@v0.12.4
4 verbose node symlink /usr/local/bin/node
5 verbose config Skipping project config: /Users/blainemuri/.npmrc. (matches userconfig)
6 verbose install initial load of /Users/blainemuri/package.json
7 verbose installManyTop reading scoped package data from /Users/blainemuri/node_modules/coffee-script/package.json
8 verbose readDependencies loading dependencies from /Users/blainemuri/package.json
9 silly cache add args [ 'gittown', null ]
10 verbose cache add spec gittown
11 silly cache add parsed spec { raw: 'gittown',
11 silly cache add   scope: null,
11 silly cache add   name: 'gittown',
11 silly cache add   rawSpec: '',
11 silly cache add   spec: '*',
11 silly cache add   type: 'range' }
12 silly addNamed gittown@*
13 verbose addNamed "*" is a valid semver range for gittown
14 silly addNameRange { name: 'gittown', range: '*', hasData: false }
15 silly mapToRegistry name gittown
16 silly mapToRegistry using default registry
17 silly mapToRegistry registry https://registry.npmjs.org/
18 silly mapToRegistry uri https://registry.npmjs.org/gittown
19 verbose addNameRange registry:https://registry.npmjs.org/gittown not in flight; fetching
20 verbose request uri https://registry.npmjs.org/gittown
21 verbose request no auth needed
22 info attempt registry request try #1 at 22:56:28
23 verbose request id 2412547690230d4e
24 http request GET https://registry.npmjs.org/gittown
25 http 404 https://registry.npmjs.org/gittown
26 verbose headers { server: 'CouchDB/1.5.0 (Erlang OTP/R16B03)',
26 verbose headers   'content-type': 'application/json',
26 verbose headers   'cache-control': 'max-age=0',
26 verbose headers   'content-length': '51',
26 verbose headers   'accept-ranges': 'bytes',
26 verbose headers   date: 'Thu, 04 Jun 2015 05:56:29 GMT',
26 verbose headers   via: '1.1 varnish',
26 verbose headers   age: '0',
26 verbose headers   connection: 'keep-alive',
26 verbose headers   'x-served-by': 'cache-sjc3129-SJC',
26 verbose headers   'x-cache': 'MISS',
26 verbose headers   'x-cache-hits': '0',
26 verbose headers   'x-timer': 'S1433397389.372395,VS0,VE87' }
27 silly get cb [ 404,
27 silly get   { server: 'CouchDB/1.5.0 (Erlang OTP/R16B03)',
27 silly get     'content-type': 'application/json',
27 silly get     'cache-control': 'max-age=0',
27 silly get     'content-length': '51',
27 silly get     'accept-ranges': 'bytes',
27 silly get     date: 'Thu, 04 Jun 2015 05:56:29 GMT',
27 silly get     via: '1.1 varnish',
27 silly get     age: '0',
27 silly get     connection: 'keep-alive',
27 silly get     'x-served-by': 'cache-sjc3129-SJC',
27 silly get     'x-cache': 'MISS',
27 silly get     'x-cache-hits': '0',
27 silly get     'x-timer': 'S1433397389.372395,VS0,VE87' } ]
28 verbose stack Error: 404 Not Found: gittown
28 verbose stack     at CachingRegistryClient.<anonymous> (/usr/local/lib/node_modules/npm/node_modules/npm-registry-client/lib/request.js:245:14)
28 verbose stack     at Request._callback (/usr/local/lib/node_modules/npm/node_modules/npm-registry-client/lib/request.js:170:14)
28 verbose stack     at Request.self.callback (/usr/local/lib/node_modules/npm/node_modules/request/request.js:368:22)
28 verbose stack     at Request.emit (events.js:110:17)
28 verbose stack     at Request.<anonymous> (/usr/local/lib/node_modules/npm/node_modules/request/request.js:1219:14)
28 verbose stack     at Request.emit (events.js:129:20)
28 verbose stack     at IncomingMessage.<anonymous> (/usr/local/lib/node_modules/npm/node_modules/request/request.js:1167:12)
28 verbose stack     at IncomingMessage.emit (events.js:129:20)
28 verbose stack     at _stream_readable.js:908:16
28 verbose stack     at process._tickCallback (node.js:355:11)
29 verbose statusCode 404
30 verbose pkgid gittown
31 verbose cwd /Users/blainemuri/Documents/blainemuri
32 error Darwin 14.3.0
33 error argv "node" "/usr/local/bin/npm" "install" "gittown"
34 error node v0.12.4
35 error npm  v2.10.1
36 error code E404
37 error 404 Not Found: gittown
37 error 404
37 error 404 'gittown' is not in the npm registry.
37 error 404 You should bug the author to publish it (or use the name yourself!)
37 error 404
37 error 404 Note that you can also install from a
37 error 404 tarball, folder, http url, or git url.
38 verbose exit [ 1, true ]
